Started GET "/" for 127.0.0.1 at 2018-05-30 11:56:47 +0200
  
ActiveRecord::PendingMigrationError (

Migrations are pending. To resolve this issue, run:

        bin/rails db:migrate RAILS_ENV=development

):
  
activerecord (5.2.0) lib/active_record/migration.rb:579:in `check_pending!'
activerecord (5.2.0) lib/active_record/migration.rb:556:in `call'
actionpack (5.2.0) lib/action_dispatch/middleware/callbacks.rb:28:in `block in call'
activesupport (5.2.0) lib/active_support/callbacks.rb:98:in `run_callbacks'
actionpack (5.2.0) lib/action_dispatch/middleware/callbacks.rb:26:in `call'
actionpack (5.2.0) lib/action_dispatch/middleware/executor.rb:14:in `call'
actionpack (5.2.0) lib/action_dispatch/middleware/debug_exceptions.rb:61:in `call'
web-console (3.6.2) lib/web_console/middleware.rb:135:in `call_app'
web-console (3.6.2) lib/web_console/middleware.rb:30:in `block in call'
web-console (3.6.2) lib/web_console/middleware.rb:20:in `catch'
web-console (3.6.2) lib/web_console/middleware.rb:20:in `call'
actionpack (5.2.0) lib/action_dispatch/middleware/show_exceptions.rb:33:in `call'
railties (5.2.0) lib/rails/rack/logger.rb:38:in `call_app'
railties (5.2.0) lib/rails/rack/logger.rb:26:in `block in call'
activesupport (5.2.0) lib/active_support/tagged_logging.rb:71:in `block in tagged'
activesupport (5.2.0) lib/active_support/tagged_logging.rb:28:in `tagged'
activesupport (5.2.0) lib/active_support/tagged_logging.rb:71:in `tagged'
railties (5.2.0) lib/rails/rack/logger.rb:26:in `call'
sprockets-rails (3.2.1) lib/sprockets/rails/quiet_assets.rb:13:in `call'
actionpack (5.2.0) lib/action_dispatch/middleware/remote_ip.rb:81:in `call'
actionpack (5.2.0) lib/action_dispatch/middleware/request_id.rb:27:in `call'
rack (2.0.5) lib/rack/method_override.rb:22:in `call'
rack (2.0.5) lib/rack/runtime.rb:22:in `call'
activesupport (5.2.0) lib/active_support/cache/strategy/local_cache_middleware.rb:29:in `call'
actionpack (5.2.0) lib/action_dispatch/middleware/executor.rb:14:in `call'
actionpack (5.2.0) lib/action_dispatch/middleware/static.rb:127:in `call'
rack (2.0.5) lib/rack/sendfile.rb:111:in `call'
railties (5.2.0) lib/rails/engine.rb:524:in `call'
puma (3.11.4) lib/puma/configuration.rb:225:in `call'
puma (3.11.4) lib/puma/server.rb:632:in `handle_request'
puma (3.11.4) lib/puma/server.rb:446:in `process_client'
puma (3.11.4) lib/puma/server.rb:306:in `block in run'
puma (3.11.4) lib/puma/thread_pool.rb:120:in `block in spawn_thread'
  [1m[35m (0.1ms)[0m  [1m[34mSELECT sqlite_version(*)[0m
  ↳ bin/rails:9
  [1m[35m (105.7ms)[0m  [1m[35mCREATE TABLE "schema_migrations" ("version" varchar NOT NULL PRIMARY KEY)[0m
  ↳ bin/rails:9
  [1m[35m (95.0ms)[0m  [1m[35mCREATE TABLE "ar_internal_metadata" ("key" varchar NOT NULL PRIMARY KEY, "value" varchar, "created_at" datetime NOT NULL, "updated_at" datetime NOT NULL)[0m
  ↳ bin/rails:9
  [1m[35m (0.3ms)[0m  [1m[34mSELECT "schema_migrations"."version" FROM "schema_migrations" ORDER BY "schema_migrations"."version" ASC[0m
  ↳ bin/rails:9
Migrating to DeviseCreateUsers (20180528102557)
  [1m[35m (0.1ms)[0m  [1m[36mbegin transaction[0m
  ↳ bin/rails:9
  [1m[35m (0.4ms)[0m  [1m[35mCREATE TABLE "users" ("id" integer PRIMARY KEY AUTOINCREMENT NOT NULL, "email" varchar DEFAULT '' NOT NULL, "encrypted_password" varchar DEFAULT '' NOT NULL, "reset_password_token" varchar, "reset_password_sent_at" datetime, "remember_created_at" datetime, "sign_in_count" integer DEFAULT 0 NOT NULL, "current_sign_in_at" datetime, "last_sign_in_at" datetime, "current_sign_in_ip" varchar, "last_sign_in_ip" varchar, "created_at" datetime NOT NULL, "updated_at" datetime NOT NULL)[0m
  ↳ db/migrate/20180528102557_devise_create_users.rb:5
  [1m[35m (0.1ms)[0m  [1m[35mCREATE UNIQUE INDEX "index_users_on_email" ON "users" ("email")[0m
  ↳ db/migrate/20180528102557_devise_create_users.rb:39
  [1m[35m (0.1ms)[0m  [1m[35mCREATE UNIQUE INDEX "index_users_on_reset_password_token" ON "users" ("reset_password_token")[0m
  ↳ db/migrate/20180528102557_devise_create_users.rb:40
  [1m[36mActiveRecord::SchemaMigration Create (0.1ms)[0m  [1m[32mINSERT INTO "schema_migrations" ("version") VALUES (?)[0m  [["version", "20180528102557"]]
  ↳ bin/rails:9
  [1m[35m (112.0ms)[0m  [1m[36mcommit transaction[0m
  ↳ bin/rails:9
Migrating to CreateItems (20180528124759)
  [1m[35m (0.1ms)[0m  [1m[36mbegin transaction[0m
  ↳ bin/rails:9
  [1m[35m (0.3ms)[0m  [1m[35mCREATE TABLE "items" ("id" integer PRIMARY KEY AUTOINCREMENT NOT NULL, "title" varchar, "description" text, "price" decimal, "image_url" varchar, "created_at" datetime NOT NULL, "updated_at" datetime NOT NULL)[0m
  ↳ db/migrate/20180528124759_create_items.rb:3
  [1m[36mActiveRecord::SchemaMigration Create (0.1ms)[0m  [1m[32mINSERT INTO "schema_migrations" ("version") VALUES (?)[0m  [["version", "20180528124759"]]
  ↳ bin/rails:9
  [1m[35m (79.7ms)[0m  [1m[36mcommit transaction[0m
  ↳ bin/rails:9
Migrating to CreateOrders (20180529143642)
  [1m[35m (0.1ms)[0m  [1m[36mbegin transaction[0m
  ↳ bin/rails:9
  [1m[35m (0.6ms)[0m  [1m[35mCREATE TABLE "orders" ("id" integer PRIMARY KEY AUTOINCREMENT NOT NULL, "user_id" integer, "order_total" decimal, "created_at" datetime NOT NULL, "updated_at" datetime NOT NULL)[0m
  ↳ db/migrate/20180529143642_create_orders.rb:3
  [1m[35m (0.3ms)[0m  [1m[35mCREATE  INDEX "index_orders_on_user_id" ON "orders" ("user_id")[0m
  ↳ db/migrate/20180529143642_create_orders.rb:3
  [1m[36mActiveRecord::SchemaMigration Create (0.3ms)[0m  [1m[32mINSERT INTO "schema_migrations" ("version") VALUES (?)[0m  [["version", "20180529143642"]]
  ↳ bin/rails:9
  [1m[35m (76.5ms)[0m  [1m[36mcommit transaction[0m
  ↳ bin/rails:9
Migrating to CreateJoinTableOrdersItems (20180529144150)
  [1m[35m (0.2ms)[0m  [1m[36mbegin transaction[0m
  ↳ bin/rails:9
  [1m[35m (0.6ms)[0m  [1m[35mCREATE TABLE "items_orders" ("order_id" integer NOT NULL, "item_id" integer NOT NULL)[0m
  ↳ db/migrate/20180529144150_create_join_table_orders_items.rb:3
  [1m[35m (0.3ms)[0m  [1m[35mCREATE  INDEX "index_items_orders_on_order_id" ON "items_orders" ("order_id")[0m
  ↳ db/migrate/20180529144150_create_join_table_orders_items.rb:3
  [1m[35m (0.3ms)[0m  [1m[35mCREATE  INDEX "index_items_orders_on_item_id" ON "items_orders" ("item_id")[0m
  ↳ db/migrate/20180529144150_create_join_table_orders_items.rb:3
  [1m[36mActiveRecord::SchemaMigration Create (0.3ms)[0m  [1m[32mINSERT INTO "schema_migrations" ("version") VALUES (?)[0m  [["version", "20180529144150"]]
  ↳ bin/rails:9
  [1m[35m (73.3ms)[0m  [1m[36mcommit transaction[0m
  ↳ bin/rails:9
Migrating to CreateCarts (20180529154610)
  [1m[35m (0.2ms)[0m  [1m[36mbegin transaction[0m
  ↳ bin/rails:9
  [1m[35m (0.6ms)[0m  [1m[35mCREATE TABLE "carts" ("id" integer PRIMARY KEY AUTOINCREMENT NOT NULL, "user_id" integer, "created_at" datetime NOT NULL, "updated_at" datetime NOT NULL)[0m
  ↳ db/migrate/20180529154610_create_carts.rb:3
  [1m[35m (0.3ms)[0m  [1m[35mCREATE  INDEX "index_carts_on_user_id" ON "carts" ("user_id")[0m
  ↳ db/migrate/20180529154610_create_carts.rb:3
  [1m[36mActiveRecord::SchemaMigration Create (0.3ms)[0m  [1m[32mINSERT INTO "schema_migrations" ("version") VALUES (?)[0m  [["version", "20180529154610"]]
  ↳ bin/rails:9
  [1m[35m (92.3ms)[0m  [1m[36mcommit transaction[0m
  ↳ bin/rails:9
Migrating to CreateJoinTableCartsItems (20180529155616)
  [1m[35m (0.1ms)[0m  [1m[36mbegin transaction[0m
  ↳ bin/rails:9
  [1m[35m (0.6ms)[0m  [1m[35mCREATE TABLE "carts_items" ("cart_id" integer NOT NULL, "item_id" integer NOT NULL)[0m
  ↳ db/migrate/20180529155616_create_join_table_carts_items.rb:3
  [1m[35m (0.4ms)[0m  [1m[35mCREATE  INDEX "index_carts_items_on_cart_id" ON "carts_items" ("cart_id")[0m
  ↳ db/migrate/20180529155616_create_join_table_carts_items.rb:3
  [1m[35m (0.3ms)[0m  [1m[35mCREATE  INDEX "index_carts_items_on_item_id" ON "carts_items" ("item_id")[0m
  ↳ db/migrate/20180529155616_create_join_table_carts_items.rb:3
  [1m[36mActiveRecord::SchemaMigration Create (0.3ms)[0m  [1m[32mINSERT INTO "schema_migrations" ("version") VALUES (?)[0m  [["version", "20180529155616"]]
  ↳ bin/rails:9
  [1m[35m (116.6ms)[0m  [1m[36mcommit transaction[0m
  ↳ bin/rails:9
Migrating to AddQuantitytoItem (20180530075645)
  [1m[35m (0.1ms)[0m  [1m[36mbegin transaction[0m
  ↳ bin/rails:9
  [1m[35m (0.7ms)[0m  [1m[35mALTER TABLE "items" ADD "quantity" integer[0m
  ↳ db/migrate/20180530075645_add_quantityto_item.rb:3
  [1m[36mActiveRecord::SchemaMigration Create (0.3ms)[0m  [1m[32mINSERT INTO "schema_migrations" ("version") VALUES (?)[0m  [["version", "20180530075645"]]
  ↳ bin/rails:9
  [1m[35m (60.1ms)[0m  [1m[36mcommit transaction[0m
  ↳ bin/rails:9
Migrating to AddQuantityToCartItem (20180530082750)
  [1m[35m (0.1ms)[0m  [1m[36mbegin transaction[0m
  ↳ bin/rails:9
  [1m[35m (0.7ms)[0m  [1m[35mALTER TABLE "carts_items" ADD "quantity" integer[0m
  ↳ db/migrate/20180530082750_add_quantity_to_cart_item.rb:3
  [1m[36mActiveRecord::SchemaMigration Create (0.3ms)[0m  [1m[32mINSERT INTO "schema_migrations" ("version") VALUES (?)[0m  [["version", "20180530082750"]]
  ↳ bin/rails:9
  [1m[35m (42.7ms)[0m  [1m[36mcommit transaction[0m
  ↳ bin/rails:9
  [1m[36mActiveRecord::InternalMetadata Load (0.4ms)[0m  [1m[34mSELECT  "ar_internal_metadata".* FROM "ar_internal_metadata" WHERE "ar_internal_metadata"."key" = ? LIMIT ?[0m  [["key", "environment"], ["LIMIT", 1]]
  ↳ bin/rails:9
  [1m[35m (0.1ms)[0m  [1m[36mbegin transaction[0m
  ↳ bin/rails:9
  [1m[36mActiveRecord::InternalMetadata Create (0.4ms)[0m  [1m[32mINSERT INTO "ar_internal_metadata" ("key", "value", "created_at", "updated_at") VALUES (?, ?, ?, ?)[0m  [["key", "environment"], ["value", "development"], ["created_at", "2018-05-30 09:57:02.726381"], ["updated_at", "2018-05-30 09:57:02.726381"]]
  ↳ bin/rails:9
  [1m[35m (46.0ms)[0m  [1m[36mcommit transaction[0m
  ↳ bin/rails:9
  [1m[35m (0.2ms)[0m  [1m[34mSELECT "schema_migrations"."version" FROM "schema_migrations" ORDER BY "schema_migrations"."version" ASC[0m
  ↳ bin/rails:9
  [1m[35m (0.1ms)[0m  [1m[34mSELECT "schema_migrations"."version" FROM "schema_migrations" ORDER BY "schema_migrations"."version" ASC[0m
  ↳ bin/rails:9
  [1m[35m (0.1ms)[0m  [1m[36mbegin transaction[0m
  ↳ db/seeds.rb:9
  [1m[36mItem Create (0.3ms)[0m  [1m[32mINSERT INTO "items" ("title", "description", "price", "image_url", "created_at", "updated_at") VALUES (?, ?, ?, ?, ?, ?)[0m  [["title", "Chat du bled"], ["description", "Wallah c'est un bon chat"], ["price", 15.5], ["image_url", "https://i.skyrock.net/9560/71199560/pics/2894315037_1.jpg"], ["created_at", "2018-05-30 09:57:12.551087"], ["updated_at", "2018-05-30 09:57:12.551087"]]
  ↳ db/seeds.rb:9
  [1m[35m (64.8ms)[0m  [1m[36mcommit transaction[0m
  ↳ db/seeds.rb:9
  [1m[35m (0.1ms)[0m  [1m[36mbegin transaction[0m
  ↳ db/seeds.rb:10
  [1m[36mItem Create (0.5ms)[0m  [1m[32mINSERT INTO "items" ("title", "description", "price", "image_url", "created_at", "updated_at") VALUES (?, ?, ?, ?, ?, ?)[0m  [["title", "Chapristi"], ["description", "Sapristi ce chat"], ["price", 15.5], ["image_url", "https://d32xvgr96w2oxp.cloudfront.net/2016/02/expressions-chat-08-02-2016.jpg"], ["created_at", "2018-05-30 09:57:12.618828"], ["updated_at", "2018-05-30 09:57:12.618828"]]
  ↳ db/seeds.rb:10
  [1m[35m (62.1ms)[0m  [1m[36mcommit transaction[0m
  ↳ db/seeds.rb:10
  [1m[35m (0.1ms)[0m  [1m[36mbegin transaction[0m
  ↳ db/seeds.rb:11
  [1m[36mItem Create (0.5ms)[0m  [1m[32mINSERT INTO "items" ("title", "description", "price", "image_url", "created_at", "updated_at") VALUES (?, ?, ?, ?, ?, ?)[0m  [["title", "Chabellachabellachacha"], ["description", "Bella chat bella chat bella chat chat chat"], ["price", 15.5], ["image_url", "http://animaals.com/wp-content/uploads/2015/06/chat-danse-33.jpg"], ["created_at", "2018-05-30 09:57:12.684626"], ["updated_at", "2018-05-30 09:57:12.684626"]]
  ↳ db/seeds.rb:11
  [1m[35m (54.5ms)[0m  [1m[36mcommit transaction[0m
  ↳ db/seeds.rb:11
  [1m[35m (0.1ms)[0m  [1m[36mbegin transaction[0m
  ↳ db/seeds.rb:12
  [1m[36mItem Create (0.4ms)[0m  [1m[32mINSERT INTO "items" ("title", "description", "price", "image_url", "created_at", "updated_at") VALUES (?, ?, ?, ?, ?, ?)[0m  [["title", "Chachebonmaichéchaud"], ["description", "Le gout des choses simples"], ["price", 15.5], ["image_url", "https://www.demotivateur.fr/images-buzz/4955/a.jpg"], ["created_at", "2018-05-30 09:57:12.742902"], ["updated_at", "2018-05-30 09:57:12.742902"]]
  ↳ db/seeds.rb:12
  [1m[35m (54.9ms)[0m  [1m[36mcommit transaction[0m
  ↳ db/seeds.rb:12
  [1m[35m (0.1ms)[0m  [1m[36mbegin transaction[0m
  ↳ db/seeds.rb:13
  [1m[36mItem Create (0.5ms)[0m  [1m[32mINSERT INTO "items" ("title", "description", "price", "image_url", "created_at", "updated_at") VALUES (?, ?, ?, ?, ?, ?)[0m  [["title", "Titi"], ["description", "Il est trop mignon"], ["price", 15.5], ["image_url", "http://www.canalvie.com/polopoly_fs/1.1805232.1467990211!/image/chat-siamois.jpg_gen/derivatives/cvlandscape_670_377/chat-siamois.jpg"], ["created_at", "2018-05-30 09:57:12.801448"], ["updated_at", "2018-05-30 09:57:12.801448"]]
  ↳ db/seeds.rb:13
  [1m[35m (54.3ms)[0m  [1m[36mcommit transaction[0m
  ↳ db/seeds.rb:13
  [1m[35m (0.2ms)[0m  [1m[36mbegin transaction[0m
  ↳ db/seeds.rb:14
  [1m[36mItem Create (0.5ms)[0m  [1m[32mINSERT INTO "items" ("title", "description", "price", "image_url", "created_at", "updated_at") VALUES (?, ?, ?, ?, ?, ?)[0m  [["title", "Christian"], ["description", "C'est une victime mais il est gentil"], ["price", 15.5], ["image_url", "https://photos.lci.fr/images/613/344/chat-illustration-2-b9d61b-0@1x.jpeg"], ["created_at", "2018-05-30 09:57:12.859844"], ["updated_at", "2018-05-30 09:57:12.859844"]]
  ↳ db/seeds.rb:14
  [1m[35m (54.2ms)[0m  [1m[36mcommit transaction[0m
  ↳ db/seeds.rb:14
  [1m[35m (0.1ms)[0m  [1m[36mbegin transaction[0m
  ↳ db/seeds.rb:15
  [1m[36mItem Create (0.5ms)[0m  [1m[32mINSERT INTO "items" ("title", "description", "price", "image_url", "created_at", "updated_at") VALUES (?, ?, ?, ?, ?, ?)[0m  [["title", "Chabada"], ["description", "Petite diva des montagnes"], ["price", 15.5], ["image_url", "http://www.chatsbio.com/wp-content/uploads/2015/06/alimentation-bio-chat.jpg"], ["created_at", "2018-05-30 09:57:12.918215"], ["updated_at", "2018-05-30 09:57:12.918215"]]
  ↳ db/seeds.rb:15
  [1m[35m (54.4ms)[0m  [1m[36mcommit transaction[0m
  ↳ db/seeds.rb:15
  [1m[35m (0.1ms)[0m  [1m[36mbegin transaction[0m
  ↳ db/seeds.rb:16
  [1m[36mItem Create (0.5ms)[0m  [1m[32mINSERT INTO "items" ("title", "description", "price", "image_url", "created_at", "updated_at") VALUES (?, ?, ?, ?, ?, ?)[0m  [["title", "Chachébon"], ["description", "Gluton est son deuxième nom"], ["price", 15.5], ["image_url", "https://www.1jour1actu.com/wp-content/uploads/SIPA_shutterstock40509266_000009-970x647.jpg"], ["created_at", "2018-05-30 09:57:12.976622"], ["updated_at", "2018-05-30 09:57:12.976622"]]
  ↳ db/seeds.rb:16
  [1m[35m (53.8ms)[0m  [1m[36mcommit transaction[0m
  ↳ db/seeds.rb:16
  [1m[35m (0.0ms)[0m  [1m[36mbegin transaction[0m
  ↳ db/seeds.rb:17
  [1m[36mItem Create (0.2ms)[0m  [1m[32mINSERT INTO "items" ("title", "description", "price", "image_url", "created_at", "updated_at") VALUES (?, ?, ?, ?, ?, ?)[0m  [["title", "Chat perché"], ["description", "Il griffe les arbres, il vit dans les arbres, il respire les arbres..."], ["price", 15.5], ["image_url", "http://www.animogen.com/wp-content/uploads/2014/10/arbre-descendre-coinc%C3%A9-chat-aider-technique-m%C3%A9thode-explication-secourir-comment-faire-compagnie-animal-animaux-compagnie-animogen-2.jpg"], ["created_at", "2018-05-30 09:57:13.033448"], ["updated_at", "2018-05-30 09:57:13.033448"]]
  ↳ db/seeds.rb:17
  [1m[35m (57.4ms)[0m  [1m[36mcommit transaction[0m
  ↳ db/seeds.rb:17
  [1m[35m (0.1ms)[0m  [1m[36mbegin transaction[0m
  ↳ db/seeds.rb:18
  [1m[36mItem Create (0.2ms)[0m  [1m[32mINSERT INTO "items" ("title", "description", "price", "image_url", "created_at", "updated_at") VALUES (?, ?, ?, ?, ?, ?)[0m  [["title", "Chat beauté"], ["description", "Poil soyeux garanti"], ["price", 15.5], ["image_url", "https://media.ooreka.fr/public/image/petit-chat-solitaire2-full-12917157.jpg"], ["created_at", "2018-05-30 09:57:13.092485"], ["updated_at", "2018-05-30 09:57:13.092485"]]
  ↳ db/seeds.rb:18
  [1m[35m (56.2ms)[0m  [1m[36mcommit transaction[0m
  ↳ db/seeds.rb:18
  [1m[35m (0.1ms)[0m  [1m[36mbegin transaction[0m
  ↳ db/seeds.rb:19
  [1m[36mItem Create (0.5ms)[0m  [1m[32mINSERT INTO "items" ("title", "description", "price", "image_url", "created_at", "updated_at") VALUES (?, ?, ?, ?, ?, ?)[0m  [["title", "Riga"], ["description", "Quel rigalo"], ["price", 15.5], ["image_url", "https://chatfaitdubien.fr/wp-content/uploads/2017/01/cat-1034961_960_720.jpg"], ["created_at", "2018-05-30 09:57:13.151419"], ["updated_at", "2018-05-30 09:57:13.151419"]]
  ↳ db/seeds.rb:19
  [1m[35m (54.6ms)[0m  [1m[36mcommit transaction[0m
  ↳ db/seeds.rb:19
  [1m[35m (0.1ms)[0m  [1m[36mbegin transaction[0m
  ↳ db/seeds.rb:20
  [1m[36mItem Create (0.4ms)[0m  [1m[32mINSERT INTO "items" ("title", "description", "price", "image_url", "created_at", "updated_at") VALUES (?, ?, ?, ?, ?, ?)[0m  [["title", "Datcha"], ["description", "Une princesse russe"], ["price", 15.5], ["image_url", "http://animaux-passion.fr/wp-content/uploads/2015/03/Chat-souris-e1425330492999.jpg"], ["created_at", "2018-05-30 09:57:13.209846"], ["updated_at", "2018-05-30 09:57:13.209846"]]
  ↳ db/seeds.rb:20
  [1m[35m (54.4ms)[0m  [1m[36mcommit transaction[0m
  ↳ db/seeds.rb:20
  [1m[35m (0.1ms)[0m  [1m[36mbegin transaction[0m
  ↳ db/seeds.rb:21
  [1m[36mItem Create (0.4ms)[0m  [1m[32mINSERT INTO "items" ("title", "description", "price", "image_url", "created_at", "updated_at") VALUES (?, ?, ?, ?, ?, ?)[0m  [["title", "Chachinon"], ["description", "Bagarreur mais gentil"], ["price", 15.5], ["image_url", "https://www.consoglobe.com/wp-content/uploads/2016/09/chat-siamois-litiere-ecolo.jpg"], ["created_at", "2018-05-30 09:57:13.267869"], ["updated_at", "2018-05-30 09:57:13.267869"]]
  ↳ db/seeds.rb:21
  [1m[35m (55.6ms)[0m  [1m[36mcommit transaction[0m
  ↳ db/seeds.rb:21
  [1m[35m (0.2ms)[0m  [1m[36mbegin transaction[0m
  ↳ db/seeds.rb:22
  [1m[36mItem Create (0.5ms)[0m  [1m[32mINSERT INTO "items" ("title", "description", "price", "image_url", "created_at", "updated_at") VALUES (?, ?, ?, ?, ?, ?)[0m  [["title", "Hibou"], ["description", "Qu'il est chouette"], ["price", 15.5], ["image_url", "https://www.ouest-france.fr/sites/default/files/styles/image-640x360/public/2017/10/03/var-qui-retrouvera-ce-chat-tres-rare-disparu-depuis-une-semaine.jpg"], ["created_at", "2018-05-30 09:57:13.327325"], ["updated_at", "2018-05-30 09:57:13.327325"]]
  ↳ db/seeds.rb:22
  [1m[35m (53.5ms)[0m  [1m[36mcommit transaction[0m
  ↳ db/seeds.rb:22
  [1m[35m (0.1ms)[0m  [1m[36mbegin transaction[0m
  ↳ db/seeds.rb:23
  [1m[36mItem Create (0.5ms)[0m  [1m[32mINSERT INTO "items" ("title", "description", "price", "image_url", "created_at", "updated_at") VALUES (?, ?, ?, ?, ?, ?)[0m  [["title", "Georges"], ["description", "Guy, il s'appelle Guy"], ["price", 15.5], ["image_url", "https://d32xvgr96w2oxp.cloudfront.net/2017/04/chat-poils-longs-04-2017.jpg"], ["created_at", "2018-05-30 09:57:13.384800"], ["updated_at", "2018-05-30 09:57:13.384800"]]
  ↳ db/seeds.rb:23
  [1m[35m (54.2ms)[0m  [1m[36mcommit transaction[0m
  ↳ db/seeds.rb:23
  [1m[35m (0.1ms)[0m  [1m[36mbegin transaction[0m
  ↳ db/seeds.rb:24
  [1m[36mItem Create (0.5ms)[0m  [1m[32mINSERT INTO "items" ("title", "description", "price", "image_url", "created_at", "updated_at") VALUES (?, ?, ?, ?, ?, ?)[0m  [["title", "Chachaji"], ["description", "Il est vieux mais c'est une bonne patte"], ["price", 15.5], ["image_url", "https://wamiz.com/uploads/images/php8tMpRE.jpg"], ["created_at", "2018-05-30 09:57:13.443125"], ["updated_at", "2018-05-30 09:57:13.443125"]]
  ↳ db/seeds.rb:24
  [1m[35m (54.3ms)[0m  [1m[36mcommit transaction[0m
  ↳ db/seeds.rb:24
  [1m[35m (0.1ms)[0m  [1m[36mbegin transaction[0m
  ↳ db/seeds.rb:25
  [1m[36mItem Create (0.5ms)[0m  [1m[32mINSERT INTO "items" ("title", "description", "price", "image_url", "created_at", "updated_at") VALUES (?, ?, ?, ?, ?, ?)[0m  [["title", "Fred"], ["description", "Il est si mignoooon"], ["price", 15.5], ["image_url", "https://www.i-cad.fr/uploads/stress_chat.jpg"], ["created_at", "2018-05-30 09:57:13.501417"], ["updated_at", "2018-05-30 09:57:13.501417"]]
  ↳ db/seeds.rb:25
  [1m[35m (54.5ms)[0m  [1m[36mcommit transaction[0m
  ↳ db/seeds.rb:25
  [1m[35m (0.1ms)[0m  [1m[36mbegin transaction[0m
  ↳ db/seeds.rb:26
  [1m[36mItem Create (0.5ms)[0m  [1m[32mINSERT INTO "items" ("title", "description", "price", "image_url", "created_at", "updated_at") VALUES (?, ?, ?, ?, ?, ?)[0m  [["title", "Pristi"], ["description", "Il ne mange que des croquettes"], ["price", 15.5], ["image_url", "https://www.zoomalia.com/blogz/94/l_Jolie-image-de-chat-mignon-9.jpg"], ["created_at", "2018-05-30 09:57:13.560014"], ["updated_at", "2018-05-30 09:57:13.560014"]]
  ↳ db/seeds.rb:26
  [1m[35m (45.8ms)[0m  [1m[36mcommit transaction[0m
  ↳ db/seeds.rb:26
  [1m[35m (0.2ms)[0m  [1m[36mbegin transaction[0m
  ↳ db/seeds.rb:27
  [1m[36mItem Create (0.5ms)[0m  [1m[32mINSERT INTO "items" ("title", "description", "price", "image_url", "created_at", "updated_at") VALUES (?, ?, ?, ?, ?, ?)[0m  [["title", "Babibelle"], ["description", "Il a la patte sur le coeur"], ["price", 15.5], ["image_url", "https://cdnfr1.img.sputniknews.com/images/103044/17/1030441784.jpg"], ["created_at", "2018-05-30 09:57:13.609817"], ["updated_at", "2018-05-30 09:57:13.609817"]]
  ↳ db/seeds.rb:27
  [1m[35m (54.1ms)[0m  [1m[36mcommit transaction[0m
  ↳ db/seeds.rb:27
  [1m[35m (0.1ms)[0m  [1m[36mbegin transaction[0m
  ↳ db/seeds.rb:28
  [1m[36mItem Create (0.5ms)[0m  [1m[32mINSERT INTO "items" ("title", "description", "price", "image_url", "created_at", "updated_at") VALUES (?, ?, ?, ?, ?, ?)[0m  [["title", "Rebelle"], ["description", "Tout est dit dans le nom."], ["price", 15.5], ["image_url", "http://fr.ubergizmo.com/wp-content/uploads/2015/10/nouvelle-mode-japon-sac-chat.png"], ["created_at", "2018-05-30 09:57:13.668046"], ["updated_at", "2018-05-30 09:57:13.668046"]]
  ↳ db/seeds.rb:28
  [1m[35m (54.4ms)[0m  [1m[36mcommit transaction[0m
  ↳ db/seeds.rb:28
Started GET "/" for 127.0.0.1 at 2018-05-30 11:57:20 +0200
  [1m[35m (0.1ms)[0m  [1m[34mSELECT "schema_migrations"."version" FROM "schema_migrations" ORDER BY "schema_migrations"."version" ASC[0m
  ↳ /home/miguel/.rvm/gems/ruby-2.5.1/gems/activerecord-5.2.0/lib/active_record/log_subscriber.rb:98
Processing by HomeController#index as HTML
  [1m[35m (0.1ms)[0m  [1m[36mbegin transaction[0m
  ↳ app/controllers/application_controller.rb:8
  [1m[35m (0.2ms)[0m  [1m[31mrollback transaction[0m
  ↳ app/controllers/application_controller.rb:8
  Rendering home/index.html.erb within layouts/application
  [1m[36mItem Load (15.7ms)[0m  [1m[34mSELECT "items".* FROM "items"[0m
  ↳ app/views/home/index.html.erb:264
  Rendered home/index.html.erb within layouts/application (90287.8ms)
  Rendered layouts/_header_messages.html.erb (0.5ms)
  Rendered layouts/_header_menu.html.erb (10.8ms)
  Rendered layouts/_header_session.html.erb (126.0ms)
  Rendered layouts/_header_cart.html.erb (2.2ms)
  Rendered layouts/_footer.html.erb (0.8ms)
Completed 200 OK in 92587ms (Views: 92262.8ms | ActiveRecord: 18.2ms)


Started GET "/undefined" for 127.0.0.1 at 2018-05-30 11:58:57 +0200
Processing by HomeController#undefined as */*
  [1m[35m (0.1ms)[0m  [1m[36mbegin transaction[0m
  ↳ app/controllers/application_controller.rb:8
  [1m[35m (0.1ms)[0m  [1m[31mrollback transaction[0m
  ↳ app/controllers/application_controller.rb:8
  Rendering home/undefined.html.erb within layouts/application
  Rendered home/undefined.html.erb within layouts/application (0.3ms)
  Rendered layouts/_header_messages.html.erb (0.4ms)
  Rendered layouts/_header_menu.html.erb (1.4ms)
  Rendered layouts/_header_session.html.erb (1.4ms)
  Rendered layouts/_header_cart.html.erb (1.9ms)
  Rendered layouts/_footer.html.erb (0.4ms)
Completed 200 OK in 520ms (Views: 495.9ms | ActiveRecord: 0.2ms)


Started GET "/undefined" for 127.0.0.1 at 2018-05-30 11:59:00 +0200
Processing by HomeController#undefined as */*
  [1m[35m (0.1ms)[0m  [1m[36mbegin transaction[0m
  ↳ app/controllers/application_controller.rb:8
  [1m[35m (0.1ms)[0m  [1m[31mrollback transaction[0m
  ↳ app/controllers/application_controller.rb:8
  Rendering home/undefined.html.erb within layouts/application
  Rendered home/undefined.html.erb within layouts/application (0.3ms)
  Rendered layouts/_header_messages.html.erb (0.3ms)
  Rendered layouts/_header_menu.html.erb (1.2ms)
  Rendered layouts/_header_session.html.erb (1.4ms)
  Rendered layouts/_header_cart.html.erb (1.9ms)
  Rendered layouts/_footer.html.erb (0.3ms)
Completed 200 OK in 348ms (Views: 341.5ms | ActiveRecord: 0.2ms)


Started GET "/items/17" for 127.0.0.1 at 2018-05-30 11:59:11 +0200
Processing by ItemsController#show as HTML
  Parameters: {"id"=>"17"}
  [1m[35m (0.2ms)[0m  [1m[36mbegin transaction[0m
  ↳ app/controllers/application_controller.rb:8
  [1m[35m (0.1ms)[0m  [1m[31mrollback transaction[0m
  ↳ app/controllers/application_controller.rb:8
  [1m[36mItem Load (0.5ms)[0m  [1m[34mSELECT  "items".* FROM "items" WHERE "items"."id" = ? LIMIT ?[0m  [["id", 17], ["LIMIT", 1]]
  ↳ app/controllers/items_controller.rb:9
  Rendering items/show.html.erb within layouts/application
  Rendered items/_related_products.html.erb (1.8ms)
  Rendered items/show.html.erb within layouts/application (24.1ms)
  Rendered layouts/_header_messages.html.erb (0.3ms)
  Rendered layouts/_header_menu.html.erb (1.1ms)
  Rendered layouts/_header_session.html.erb (1.2ms)
  Rendered layouts/_header_cart.html.erb (1.5ms)
  Rendered layouts/_footer.html.erb (0.3ms)
Completed 200 OK in 391ms (Views: 361.8ms | ActiveRecord: 0.8ms)


Started GET "/items/17" for 127.0.0.1 at 2018-05-30 11:59:39 +0200
Processing by ItemsController#show as HTML
  Parameters: {"id"=>"17"}
  [1m[35m (0.2ms)[0m  [1m[36mbegin transaction[0m
  ↳ app/controllers/application_controller.rb:8
  [1m[35m (0.1ms)[0m  [1m[31mrollback transaction[0m
  ↳ app/controllers/application_controller.rb:8
  [1m[36mItem Load (0.3ms)[0m  [1m[34mSELECT  "items".* FROM "items" WHERE "items"."id" = ? LIMIT ?[0m  [["id", 17], ["LIMIT", 1]]
  ↳ app/controllers/items_controller.rb:9
  Rendering items/show.html.erb within layouts/application
  Rendered items/_related_products.html.erb (1.0ms)
  Rendered items/show.html.erb within layouts/application (3.4ms)
  Rendered layouts/_header_messages.html.erb (0.4ms)
  Rendered layouts/_header_menu.html.erb (1.1ms)
  Rendered layouts/_header_session.html.erb (1.2ms)
  Rendered layouts/_header_cart.html.erb (1.9ms)
  Rendered layouts/_footer.html.erb (0.2ms)
Completed 200 OK in 366ms (Views: 359.2ms | ActiveRecord: 0.5ms)


Started GET "/items/17" for 127.0.0.1 at 2018-05-30 11:59:45 +0200
Processing by ItemsController#show as HTML
  Parameters: {"id"=>"17"}
  [1m[35m (0.1ms)[0m  [1m[36mbegin transaction[0m
  ↳ app/controllers/application_controller.rb:8
  [1m[35m (0.1ms)[0m  [1m[31mrollback transaction[0m
  ↳ app/controllers/application_controller.rb:8
  [1m[36mItem Load (0.2ms)[0m  [1m[34mSELECT  "items".* FROM "items" WHERE "items"."id" = ? LIMIT ?[0m  [["id", 17], ["LIMIT", 1]]
  ↳ app/controllers/items_controller.rb:9
  Rendering items/show.html.erb within layouts/application
  Rendered items/_related_products.html.erb (0.9ms)
  Rendered items/show.html.erb within layouts/application (3.9ms)
  Rendered layouts/_header_messages.html.erb (0.3ms)
  Rendered layouts/_header_menu.html.erb (1.1ms)
  Rendered layouts/_header_session.html.erb (1.2ms)
  Rendered layouts/_header_cart.html.erb (1.6ms)
  Rendered layouts/_footer.html.erb (0.3ms)
Completed 200 OK in 361ms (Views: 354.6ms | ActiveRecord: 0.4ms)


Started POST "/items" for 127.0.0.1 at 2018-05-30 11:59:48 +0200
Processing by CartItemsController#create as HTML
  Parameters: {"authenticity_token"=>"Z+rYFL140plaakfOhjQmiLqTvWSEIYZ9SMaI5zsEKqYz89jSYy7ue1+n/sC0Ajqu3kdbSiSC2EO92Gl7Q2ElNA=="}
  [1m[35m (0.1ms)[0m  [1m[36mbegin transaction[0m
  ↳ app/controllers/application_controller.rb:8
  [1m[35m (0.1ms)[0m  [1m[31mrollback transaction[0m
  ↳ app/controllers/application_controller.rb:8
Completed 500 Internal Server Error in 167ms (ActiveRecord: 0.2ms)


  
NameError (uninitialized constant Cart::CartsItem):
  
app/models/cart.rb:8:in `add_item'
app/controllers/cart_items_controller.rb:6:in `create'
Started GET "/" for 127.0.0.1 at 2018-05-30 12:08:08 +0200
  [1m[35m (0.2ms)[0m  [1m[34mSELECT "schema_migrations"."version" FROM "schema_migrations" ORDER BY "schema_migrations"."version" ASC[0m
  ↳ /home/miguel/.rvm/gems/ruby-2.5.1/gems/activerecord-5.2.0/lib/active_record/log_subscriber.rb:98
Processing by HomeController#index as HTML
  [1m[35m (0.1ms)[0m  [1m[36mbegin transaction[0m
  ↳ app/controllers/application_controller.rb:8
  [1m[35m (0.1ms)[0m  [1m[31mrollback transaction[0m
  ↳ app/controllers/application_controller.rb:8
  Rendering home/index.html.erb within layouts/application
  [1m[36mItem Load (12.5ms)[0m  [1m[34mSELECT "items".* FROM "items"[0m
  ↳ app/views/home/index.html.erb:264
  Rendered home/index.html.erb within layouts/application (8924.6ms)
  Rendered layouts/_header_messages.html.erb (0.3ms)
  Rendered layouts/_header_menu.html.erb (1.3ms)
  Rendered layouts/_header_session.html.erb (36.4ms)
  Rendered layouts/_header_cart.html.erb (1.1ms)
  Rendered layouts/_footer.html.erb (0.3ms)
Completed 200 OK in 9825ms (Views: 9715.4ms | ActiveRecord: 14.0ms)


Started GET "/undefined" for 127.0.0.1 at 2018-05-30 12:08:20 +0200
Processing by HomeController#undefined as */*
  [1m[35m (0.0ms)[0m  [1m[36mbegin transaction[0m
  ↳ app/controllers/application_controller.rb:8
  [1m[35m (0.0ms)[0m  [1m[31mrollback transaction[0m
  ↳ app/controllers/application_controller.rb:8
  Rendering home/undefined.html.erb within layouts/application
  Rendered home/undefined.html.erb within layouts/application (0.3ms)
  Rendered layouts/_header_messages.html.erb (0.3ms)
  Rendered layouts/_header_menu.html.erb (1.3ms)
  Rendered layouts/_header_session.html.erb (1.4ms)
  Rendered layouts/_header_cart.html.erb (1.8ms)
  Rendered layouts/_footer.html.erb (0.4ms)
Completed 200 OK in 415ms (Views: 393.7ms | ActiveRecord: 0.1ms)


Started GET "/undefined" for 127.0.0.1 at 2018-05-30 12:08:23 +0200
Processing by HomeController#undefined as */*
  [1m[35m (0.0ms)[0m  [1m[36mbegin transaction[0m
  ↳ app/controllers/application_controller.rb:8
  [1m[35m (0.0ms)[0m  [1m[31mrollback transaction[0m
  ↳ app/controllers/application_controller.rb:8
  Rendering home/undefined.html.erb within layouts/application
  Rendered home/undefined.html.erb within layouts/application (0.3ms)
  Rendered layouts/_header_messages.html.erb (0.3ms)
  Rendered layouts/_header_menu.html.erb (1.3ms)
  Rendered layouts/_header_session.html.erb (1.3ms)
  Rendered layouts/_header_cart.html.erb (1.9ms)
  Rendered layouts/_footer.html.erb (0.3ms)
Completed 200 OK in 359ms (Views: 353.6ms | ActiveRecord: 0.1ms)


Started GET "/items/18" for 127.0.0.1 at 2018-05-30 12:08:56 +0200
Processing by ItemsController#show as HTML
  Parameters: {"id"=>"18"}
  [1m[35m (0.1ms)[0m  [1m[36mbegin transaction[0m
  ↳ app/controllers/application_controller.rb:8
  [1m[35m (0.1ms)[0m  [1m[31mrollback transaction[0m
  ↳ app/controllers/application_controller.rb:8
  [1m[36mItem Load (0.5ms)[0m  [1m[34mSELECT  "items".* FROM "items" WHERE "items"."id" = ? LIMIT ?[0m  [["id", 18], ["LIMIT", 1]]
  ↳ app/controllers/items_controller.rb:9
  Rendering items/show.html.erb within layouts/application
  Rendered items/_related_products.html.erb (1.7ms)
  Rendered items/show.html.erb within layouts/application (5.7ms)
  Rendered layouts/_header_messages.html.erb (0.3ms)
  Rendered layouts/_header_menu.html.erb (1.7ms)
  Rendered layouts/_header_session.html.erb (1.8ms)
  Rendered layouts/_header_cart.html.erb (2.3ms)
  Rendered layouts/_footer.html.erb (0.3ms)
Completed 200 OK in 359ms (Views: 350.9ms | ActiveRecord: 0.7ms)


Started POST "/items" for 127.0.0.1 at 2018-05-30 12:08:58 +0200
Processing by CartItemsController#create as HTML
  Parameters: {"authenticity_token"=>"V16zIYuh9NWueIowD6G2foOo2JjSIq59OSopzOo6lF0Ul9A2LUPO5oa+HxLIIUlTZ7JcBFoDPKmXuLNG+v/J2g=="}
  [1m[35m (0.2ms)[0m  [1m[36mbegin transaction[0m
  ↳ app/controllers/application_controller.rb:8
  [1m[35m (0.0ms)[0m  [1m[31mrollback transaction[0m
  ↳ app/controllers/application_controller.rb:8
Completed 500 Internal Server Error in 7ms (ActiveRecord: 0.2ms)


  
NoMethodError (undefined method `add_item' for #<Cart id: nil, user_id: nil, created_at: nil, updated_at: nil>):
  
app/controllers/cart_items_controller.rb:18:in `create'
Started GET "/items/18" for 127.0.0.1 at 2018-05-30 12:09:53 +0200
Processing by ItemsController#show as HTML
  Parameters: {"id"=>"18"}
  [1m[35m (0.1ms)[0m  [1m[36mbegin transaction[0m
  ↳ app/controllers/application_controller.rb:8
  [1m[35m (0.1ms)[0m  [1m[31mrollback transaction[0m
  ↳ app/controllers/application_controller.rb:8
  [1m[36mItem Load (0.2ms)[0m  [1m[34mSELECT  "items".* FROM "items" WHERE "items"."id" = ? LIMIT ?[0m  [["id", 18], ["LIMIT", 1]]
  ↳ app/controllers/items_controller.rb:9
  Rendering items/show.html.erb within layouts/application
  Rendered items/_related_products.html.erb (0.5ms)
  Rendered items/show.html.erb within layouts/application (1.8ms)
  Rendered layouts/_header_messages.html.erb (0.3ms)
  Rendered layouts/_header_menu.html.erb (1.2ms)
  Rendered layouts/_header_session.html.erb (1.2ms)
  Rendered layouts/_header_cart.html.erb (1.6ms)
  Rendered layouts/_footer.html.erb (0.3ms)
Completed 200 OK in 388ms (Views: 325.8ms | ActiveRecord: 2.2ms)


Started POST "/items" for 127.0.0.1 at 2018-05-30 12:09:56 +0200
Processing by CartItemsController#create as HTML
  Parameters: {"authenticity_token"=>"x+2ZKTgOM1E6swRqP1YUBhayQjjSLNwuxpYPDbP5ZcpCgJOA43x+tG2+tAHwNnZZnr7nA13UM7QonqidWgUZcw=="}
  [1m[35m (0.0ms)[0m  [1m[36mbegin transaction[0m
  ↳ app/controllers/application_controller.rb:8
  [1m[35m (0.0ms)[0m  [1m[31mrollback transaction[0m
  ↳ app/controllers/application_controller.rb:8
Completed 500 Internal Server Error in 6ms (ActiveRecord: 0.1ms)


  
NoMethodError (undefined method `add_item' for #<Cart id: nil, user_id: nil, created_at: nil, updated_at: nil>):
  
app/controllers/cart_items_controller.rb:19:in `create'
Started GET "/items/18" for 127.0.0.1 at 2018-05-30 12:12:34 +0200
Processing by ItemsController#show as HTML
  Parameters: {"id"=>"18"}
  [1m[35m (0.0ms)[0m  [1m[36mbegin transaction[0m
  ↳ app/controllers/application_controller.rb:8
  [1m[35m (0.0ms)[0m  [1m[31mrollback transaction[0m
  ↳ app/controllers/application_controller.rb:8
  [1m[36mItem Load (0.1ms)[0m  [1m[34mSELECT  "items".* FROM "items" WHERE "items"."id" = ? LIMIT ?[0m  [["id", 18], ["LIMIT", 1]]
  ↳ app/controllers/items_controller.rb:9
  Rendering items/show.html.erb within layouts/application
  Rendered items/_related_products.html.erb (0.5ms)
  Rendered items/show.html.erb within layouts/application (1.8ms)
  Rendered layouts/_header_messages.html.erb (0.3ms)
  Rendered layouts/_header_menu.html.erb (1.1ms)
  Rendered layouts/_header_session.html.erb (1.2ms)
  Rendered layouts/_header_cart.html.erb (1.7ms)
  Rendered layouts/_footer.html.erb (0.3ms)
Completed 200 OK in 360ms (Views: 340.0ms | ActiveRecord: 1.1ms)


Started POST "/items" for 127.0.0.1 at 2018-05-30 12:12:37 +0200
Processing by CartItemsController#create as HTML
  Parameters: {"authenticity_token"=>"nvSFc8hcMLXHg/rvb8Y0eXvTUKuMiwiNIsSvR9EkjqMbmY/aEy59UJCOSoSgplYm89/1kANz5xfMzAjXONjyGg=="}
  [1m[35m (0.0ms)[0m  [1m[36mbegin transaction[0m
  ↳ app/controllers/application_controller.rb:8
  [1m[35m (0.0ms)[0m  [1m[31mrollback transaction[0m
  ↳ app/controllers/application_controller.rb:8
Completed 500 Internal Server Error in 208ms (ActiveRecord: 0.1ms)


  
NameError (undefined local variable or method `item_params' for #<CartItemsController:0x00007f40d159b2d0>
Did you mean?  items_path):
  
app/controllers/cart_items_controller.rb:19:in `create'
Started POST "/items" for 127.0.0.1 at 2018-05-30 12:14:57 +0200
Processing by CartItemsController#create as HTML
  Parameters: {"authenticity_token"=>"nvSFc8hcMLXHg/rvb8Y0eXvTUKuMiwiNIsSvR9EkjqMbmY/aEy59UJCOSoSgplYm89/1kANz5xfMzAjXONjyGg=="}
Completed 500 Internal Server Error in 203ms (ActiveRecord: 0.4ms)


  
NameError (undefined local variable or method `item_params' for #<CartItemsController:0x00007f40d27f8ec8>
Did you mean?  items_path):
  
app/controllers/cart_items_controller.rb:19:in `create'
Started POST "/items" for 127.0.0.1 at 2018-05-30 12:15:24 +0200
Processing by CartItemsController#create as HTML
  Parameters: {"authenticity_token"=>"nvSFc8hcMLXHg/rvb8Y0eXvTUKuMiwiNIsSvR9EkjqMbmY/aEy59UJCOSoSgplYm89/1kANz5xfMzAjXONjyGg=="}
Completed 500 Internal Server Error in 198ms (ActiveRecord: 0.6ms)


  
NameError (undefined local variable or method `item_params' for #<CartItemsController:0x00007f40d2c3f2c0>
Did you mean?  items_path):
  
app/controllers/cart_items_controller.rb:19:in `create'
Started POST "/items" for 127.0.0.1 at 2018-05-30 12:15:40 +0200
Processing by CartItemsController#create as HTML
  Parameters: {"authenticity_token"=>"nvSFc8hcMLXHg/rvb8Y0eXvTUKuMiwiNIsSvR9EkjqMbmY/aEy59UJCOSoSgplYm89/1kANz5xfMzAjXONjyGg=="}
Completed 500 Internal Server Error in 11ms (ActiveRecord: 0.5ms)


  
NoMethodError (undefined method `add_item' for #<Cart id: nil, user_id: nil, created_at: nil, updated_at: nil>):
  
app/controllers/cart_items_controller.rb:19:in `create'
Started POST "/items" for 127.0.0.1 at 2018-05-30 12:16:08 +0200
Processing by CartItemsController#create as HTML
  Parameters: {"authenticity_token"=>"nvSFc8hcMLXHg/rvb8Y0eXvTUKuMiwiNIsSvR9EkjqMbmY/aEy59UJCOSoSgplYm89/1kANz5xfMzAjXONjyGg=="}
Completed 500 Internal Server Error in 10ms (ActiveRecord: 0.5ms)


  
NoMethodError (undefined method `add_item' for #<Cart id: nil, user_id: nil, created_at: nil, updated_at: nil>):
  
app/controllers/cart_items_controller.rb:9:in `create'
Started POST "/items" for 127.0.0.1 at 2018-05-30 12:16:33 +0200
Processing by CartItemsController#create as HTML
  Parameters: {"authenticity_token"=>"nvSFc8hcMLXHg/rvb8Y0eXvTUKuMiwiNIsSvR9EkjqMbmY/aEy59UJCOSoSgplYm89/1kANz5xfMzAjXONjyGg=="}
Completed 500 Internal Server Error in 10ms (ActiveRecord: 0.4ms)


  
NoMethodError (undefined method `add_item' for #<Cart id: nil, user_id: nil, created_at: nil, updated_at: nil>):
  
app/controllers/cart_items_controller.rb:9:in `create'
Started POST "/items" for 127.0.0.1 at 2018-05-30 12:17:50 +0200
Processing by CartItemsController#create as HTML
  Parameters: {"authenticity_token"=>"nvSFc8hcMLXHg/rvb8Y0eXvTUKuMiwiNIsSvR9EkjqMbmY/aEy59UJCOSoSgplYm89/1kANz5xfMzAjXONjyGg=="}
Completed 500 Internal Server Error in 11ms (ActiveRecord: 0.5ms)


  
NoMethodError (private method `add_item' called for #<Cart id: nil, user_id: nil, created_at: nil, updated_at: nil>):
  
app/controllers/cart_items_controller.rb:9:in `create'
Started POST "/items" for 127.0.0.1 at 2018-05-30 12:18:14 +0200
Processing by CartItemsController#create as HTML
  Parameters: {"authenticity_token"=>"nvSFc8hcMLXHg/rvb8Y0eXvTUKuMiwiNIsSvR9EkjqMbmY/aEy59UJCOSoSgplYm89/1kANz5xfMzAjXONjyGg=="}
Completed 500 Internal Server Error in 10ms (ActiveRecord: 0.5ms)


  
NoMethodError (private method `add_item' called for #<Cart id: nil, user_id: nil, created_at: nil, updated_at: nil>):
  
app/controllers/cart_items_controller.rb:9:in `create'
Started POST "/items" for 127.0.0.1 at 2018-05-30 12:18:29 +0200
Processing by CartItemsController#create as HTML
  Parameters: {"authenticity_token"=>"nvSFc8hcMLXHg/rvb8Y0eXvTUKuMiwiNIsSvR9EkjqMbmY/aEy59UJCOSoSgplYm89/1kANz5xfMzAjXONjyGg=="}
Completed 500 Internal Server Error in 6ms (ActiveRecord: 0.0ms)


  
NoMethodError (private method `add_item' called for #<Cart id: nil, user_id: nil, created_at: nil, updated_at: nil>):
  
app/controllers/cart_items_controller.rb:9:in `create'
Started POST "/items" for 127.0.0.1 at 2018-05-30 12:18:58 +0200
Processing by CartItemsController#create as HTML
  Parameters: {"authenticity_token"=>"nvSFc8hcMLXHg/rvb8Y0eXvTUKuMiwiNIsSvR9EkjqMbmY/aEy59UJCOSoSgplYm89/1kANz5xfMzAjXONjyGg=="}
Completed 500 Internal Server Error in 10ms (ActiveRecord: 0.5ms)


  
NoMethodError (private method `add_item' called for #<Cart id: nil, user_id: nil, created_at: nil, updated_at: nil>):
  
app/controllers/cart_items_controller.rb:9:in `create'
Started POST "/items" for 127.0.0.1 at 2018-05-30 12:19:42 +0200
Processing by CartItemsController#create as HTML
  Parameters: {"authenticity_token"=>"nvSFc8hcMLXHg/rvb8Y0eXvTUKuMiwiNIsSvR9EkjqMbmY/aEy59UJCOSoSgplYm89/1kANz5xfMzAjXONjyGg=="}
Completed 500 Internal Server Error in 10ms (ActiveRecord: 0.5ms)


  
NoMethodError (private method `add_item' called for #<Cart id: nil, user_id: nil, created_at: nil, updated_at: nil>):
  
app/controllers/cart_items_controller.rb:9:in `create'
Started POST "/items" for 127.0.0.1 at 2018-05-30 12:20:04 +0200
Processing by CartItemsController#create as HTML
  Parameters: {"authenticity_token"=>"nvSFc8hcMLXHg/rvb8Y0eXvTUKuMiwiNIsSvR9EkjqMbmY/aEy59UJCOSoSgplYm89/1kANz5xfMzAjXONjyGg=="}
Completed 500 Internal Server Error in 12ms (ActiveRecord: 0.5ms)


  
NoMethodError (private method `add_item' called for #<Class:0x00007f40d1f94408>):
  
app/controllers/cart_items_controller.rb:9:in `create'
Started POST "/items" for 127.0.0.1 at 2018-05-30 12:20:57 +0200
Processing by CartItemsController#create as HTML
  Parameters: {"authenticity_token"=>"nvSFc8hcMLXHg/rvb8Y0eXvTUKuMiwiNIsSvR9EkjqMbmY/aEy59UJCOSoSgplYm89/1kANz5xfMzAjXONjyGg=="}
Completed 400 Bad Request in 6ms (ActiveRecord: 0.5ms)


  
ActionController::ParameterMissing (param is missing or the value is empty: cart_item):
  
app/controllers/cart_items_controller.rb:42:in `cart_item_params'
app/controllers/cart_items_controller.rb:9:in `create'
Started POST "/items" for 127.0.0.1 at 2018-05-30 12:23:00 +0200
Processing by CartItemsController#create as HTML
  Parameters: {"authenticity_token"=>"nvSFc8hcMLXHg/rvb8Y0eXvTUKuMiwiNIsSvR9EkjqMbmY/aEy59UJCOSoSgplYm89/1kANz5xfMzAjXONjyGg=="}
Completed 400 Bad Request in 6ms (ActiveRecord: 0.4ms)


  
ActionController::ParameterMissing (param is missing or the value is empty: cart_item):
  
app/controllers/cart_items_controller.rb:42:in `cart_item_params'
app/controllers/cart_items_controller.rb:9:in `create'
Started POST "/items" for 127.0.0.1 at 2018-05-30 12:23:15 +0200
Processing by CartItemsController#create as HTML
  Parameters: {"authenticity_token"=>"nvSFc8hcMLXHg/rvb8Y0eXvTUKuMiwiNIsSvR9EkjqMbmY/aEy59UJCOSoSgplYm89/1kANz5xfMzAjXONjyGg=="}
Completed 500 Internal Server Error in 215ms (ActiveRecord: 0.5ms)


  
NameError (undefined local variable or method `cart_itemparams' for #<CartItemsController:0x00007f40d0f998f0>
Did you mean?  cart_item_params):
  
app/controllers/cart_items_controller.rb:9:in `create'
Started POST "/items" for 127.0.0.1 at 2018-05-30 12:23:32 +0200
Processing by CartItemsController#create as HTML
  Parameters: {"authenticity_token"=>"nvSFc8hcMLXHg/rvb8Y0eXvTUKuMiwiNIsSvR9EkjqMbmY/aEy59UJCOSoSgplYm89/1kANz5xfMzAjXONjyGg=="}
Completed 400 Bad Request in 6ms (ActiveRecord: 0.4ms)


  
ActionController::ParameterMissing (param is missing or the value is empty: cart):
  
app/controllers/cart_items_controller.rb:42:in `cart_item_params'
app/controllers/cart_items_controller.rb:9:in `create'
Started POST "/items" for 127.0.0.1 at 2018-05-30 12:24:38 +0200
Processing by CartItemsController#create as HTML
  Parameters: {"authenticity_token"=>"nvSFc8hcMLXHg/rvb8Y0eXvTUKuMiwiNIsSvR9EkjqMbmY/aEy59UJCOSoSgplYm89/1kANz5xfMzAjXONjyGg=="}
Completed 500 Internal Server Error in 18ms (ActiveRecord: 0.5ms)


  
NameError (uninitialized constant CartItemsController::CartItem):
  
app/controllers/cart_items_controller.rb:39:in `set_cart_item'
app/controllers/cart_items_controller.rb:42:in `cart_item_params'
app/controllers/cart_items_controller.rb:9:in `create'
Started POST "/items" for 127.0.0.1 at 2018-05-30 12:25:28 +0200
Processing by CartItemsController#create as HTML
  Parameters: {"authenticity_token"=>"nvSFc8hcMLXHg/rvb8Y0eXvTUKuMiwiNIsSvR9EkjqMbmY/aEy59UJCOSoSgplYm89/1kANz5xfMzAjXONjyGg=="}
Completed 404 Not Found in 11ms (ActiveRecord: 0.8ms)


  
ActiveRecord::RecordNotFound (Couldn't find Item without an ID):
  
app/controllers/cart_items_controller.rb:39:in `set_cart_item'
app/controllers/cart_items_controller.rb:42:in `cart_item_params'
app/controllers/cart_items_controller.rb:9:in `create'
Started POST "/items" for 127.0.0.1 at 2018-05-30 12:26:04 +0200
Processing by CartItemsController#create as HTML
  Parameters: {"authenticity_token"=>"nvSFc8hcMLXHg/rvb8Y0eXvTUKuMiwiNIsSvR9EkjqMbmY/aEy59UJCOSoSgplYm89/1kANz5xfMzAjXONjyGg=="}
Completed 500 Internal Server Error in 7ms (ActiveRecord: 0.5ms)


  
NameError (uninitialized constant CartItemsController::CartItem):
  
app/controllers/cart_items_controller.rb:39:in `set_cart_item'
app/controllers/cart_items_controller.rb:42:in `cart_item_params'
app/controllers/cart_items_controller.rb:9:in `create'
Started POST "/items" for 127.0.0.1 at 2018-05-30 12:26:44 +0200
Processing by CartItemsController#create as HTML
  Parameters: {"authenticity_token"=>"nvSFc8hcMLXHg/rvb8Y0eXvTUKuMiwiNIsSvR9EkjqMbmY/aEy59UJCOSoSgplYm89/1kANz5xfMzAjXONjyGg=="}
Completed 500 Internal Server Error in 7ms (ActiveRecord: 0.5ms)


  
NameError (uninitialized constant CartItemsController::Cartetresor):
  
app/controllers/cart_items_controller.rb:39:in `set_cart_item'
app/controllers/cart_items_controller.rb:42:in `cart_item_params'
app/controllers/cart_items_controller.rb:9:in `create'
Started POST "/items" for 127.0.0.1 at 2018-05-30 12:28:30 +0200
Processing by CartItemsController#create as HTML
  Parameters: {"authenticity_token"=>"nvSFc8hcMLXHg/rvb8Y0eXvTUKuMiwiNIsSvR9EkjqMbmY/aEy59UJCOSoSgplYm89/1kANz5xfMzAjXONjyGg=="}
Completed 500 Internal Server Error in 7ms (ActiveRecord: 0.4ms)


  
NameError (uninitialized constant CartItemsController::CartItems):
  
app/controllers/cart_items_controller.rb:39:in `set_cart_item'
app/controllers/cart_items_controller.rb:42:in `cart_item_params'
app/controllers/cart_items_controller.rb:9:in `create'
  [1m[35m (0.1ms)[0m  [1m[34mSELECT "schema_migrations"."version" FROM "schema_migrations" ORDER BY "schema_migrations"."version" ASC[0m
  ↳ bin/rails:9
Migrating to CreateCartItems (20180530102915)
  [1m[35m (0.0ms)[0m  [1m[36mbegin transaction[0m
  ↳ bin/rails:9
  [1m[35m (0.1ms)[0m  [1m[34mSELECT sqlite_version(*)[0m
  ↳ db/migrate/20180530102915_create_cart_items.rb:3
  [1m[35m (29.3ms)[0m  [1m[35mCREATE TABLE "cart_items" ("id" integer PRIMARY KEY AUTOINCREMENT NOT NULL, "created_at" datetime NOT NULL, "updated_at" datetime NOT NULL)[0m
  ↳ db/migrate/20180530102915_create_cart_items.rb:3
  [1m[36mActiveRecord::SchemaMigration Create (0.2ms)[0m  [1m[32mINSERT INTO "schema_migrations" ("version") VALUES (?)[0m  [["version", "20180530102915"]]
  ↳ bin/rails:9
  [1m[35m (156.2ms)[0m  [1m[36mcommit transaction[0m
  ↳ bin/rails:9
Migrating to CreateCartsItems (20180530102945)
  [1m[35m (0.1ms)[0m  [1m[36mbegin transaction[0m
  ↳ bin/rails:9
  [1m[35m (1.0ms)[0m  [1m[35mCREATE TABLE "carts_items" ("id" integer PRIMARY KEY AUTOINCREMENT NOT NULL, "created_at" datetime NOT NULL, "updated_at" datetime NOT NULL)[0m
  ↳ db/migrate/20180530102945_create_carts_items.rb:3
  [1m[35m (0.1ms)[0m  [1m[31mrollback transaction[0m
  ↳ bin/rails:9
Started POST "/items" for 127.0.0.1 at 2018-05-30 12:31:15 +0200
  [1m[35m (0.3ms)[0m  [1m[34mSELECT "schema_migrations"."version" FROM "schema_migrations" ORDER BY "schema_migrations"."version" ASC[0m
  ↳ /home/miguel/.rvm/gems/ruby-2.5.1/gems/activerecord-5.2.0/lib/active_record/log_subscriber.rb:98
  
ActiveRecord::PendingMigrationError (

Migrations are pending. To resolve this issue, run:

        bin/rails db:migrate RAILS_ENV=development

):
  
activerecord (5.2.0) lib/active_record/migration.rb:579:in `check_pending!'
activerecord (5.2.0) lib/active_record/migration.rb:556:in `call'
actionpack (5.2.0) lib/action_dispatch/middleware/callbacks.rb:28:in `block in call'
activesupport (5.2.0) lib/active_support/callbacks.rb:98:in `run_callbacks'
actionpack (5.2.0) lib/action_dispatch/middleware/callbacks.rb:26:in `call'
actionpack (5.2.0) lib/action_dispatch/middleware/executor.rb:14:in `call'
actionpack (5.2.0) lib/action_dispatch/middleware/debug_exceptions.rb:61:in `call'
web-console (3.6.2) lib/web_console/middleware.rb:135:in `call_app'
web-console (3.6.2) lib/web_console/middleware.rb:30:in `block in call'
web-console (3.6.2) lib/web_console/middleware.rb:20:in `catch'
web-console (3.6.2) lib/web_console/middleware.rb:20:in `call'
actionpack (5.2.0) lib/action_dispatch/middleware/show_exceptions.rb:33:in `call'
railties (5.2.0) lib/rails/rack/logger.rb:38:in `call_app'
railties (5.2.0) lib/rails/rack/logger.rb:26:in `block in call'
activesupport (5.2.0) lib/active_support/tagged_logging.rb:71:in `block in tagged'
activesupport (5.2.0) lib/active_support/tagged_logging.rb:28:in `tagged'
activesupport (5.2.0) lib/active_support/tagged_logging.rb:71:in `tagged'
railties (5.2.0) lib/rails/rack/logger.rb:26:in `call'
sprockets-rails (3.2.1) lib/sprockets/rails/quiet_assets.rb:13:in `call'
actionpack (5.2.0) lib/action_dispatch/middleware/remote_ip.rb:81:in `call'
actionpack (5.2.0) lib/action_dispatch/middleware/request_id.rb:27:in `call'
rack (2.0.5) lib/rack/method_override.rb:22:in `call'
rack (2.0.5) lib/rack/runtime.rb:22:in `call'
activesupport (5.2.0) lib/active_support/cache/strategy/local_cache_middleware.rb:29:in `call'
actionpack (5.2.0) lib/action_dispatch/middleware/executor.rb:14:in `call'
actionpack (5.2.0) lib/action_dispatch/middleware/static.rb:127:in `call'
rack (2.0.5) lib/rack/sendfile.rb:111:in `call'
railties (5.2.0) lib/rails/engine.rb:524:in `call'
puma (3.11.4) lib/puma/configuration.rb:225:in `call'
puma (3.11.4) lib/puma/server.rb:632:in `handle_request'
puma (3.11.4) lib/puma/server.rb:446:in `process_client'
puma (3.11.4) lib/puma/server.rb:306:in `block in run'
puma (3.11.4) lib/puma/thread_pool.rb:120:in `block in spawn_thread'
Started GET "/items" for 127.0.0.1 at 2018-05-30 12:31:35 +0200
  [1m[35m (0.2ms)[0m  [1m[34mSELECT "schema_migrations"."version" FROM "schema_migrations" ORDER BY "schema_migrations"."version" ASC[0m
  ↳ /home/miguel/.rvm/gems/ruby-2.5.1/gems/activerecord-5.2.0/lib/active_record/log_subscriber.rb:98
Processing by ItemsController#index as HTML
  Rendering items/index.html.erb within layouts/application
  [1m[36mItem Load (10.1ms)[0m  [1m[34mSELECT "items".* FROM "items"[0m
  ↳ app/views/items/index.html.erb:36
  Rendered items/index.html.erb within layouts/application (9004.7ms)
  Rendered layouts/_header_messages.html.erb (0.4ms)
  Rendered layouts/_header_menu.html.erb (1.2ms)
  Rendered layouts/_header_session.html.erb (59.4ms)
  Rendered layouts/_header_cart.html.erb (2.9ms)
  Rendered layouts/_footer.html.erb (0.9ms)
Completed 200 OK in 9652ms (Views: 9571.2ms | ActiveRecord: 11.6ms)


Started GET "/items/1" for 127.0.0.1 at 2018-05-30 12:31:52 +0200
Processing by ItemsController#show as HTML
  Parameters: {"id"=>"1"}
  [1m[36mItem Load (0.2ms)[0m  [1m[34mSELECT  "items".* FROM "items" WHERE "items"."id" = ? LIMIT ?[0m  [["id", 1], ["LIMIT", 1]]
  ↳ app/controllers/items_controller.rb:9
  Rendering items/show.html.erb within layouts/application
  Rendered items/_related_products.html.erb (0.5ms)
  Rendered items/show.html.erb within layouts/application (2.0ms)
  Rendered layouts/_header_messages.html.erb (0.3ms)
  Rendered layouts/_header_menu.html.erb (1.5ms)
  Rendered layouts/_header_session.html.erb (1.2ms)
  Rendered layouts/_header_cart.html.erb (3.3ms)
  Rendered layouts/_footer.html.erb (0.3ms)
Completed 200 OK in 396ms (Views: 366.1ms | ActiveRecord: 0.2ms)


Started POST "/items" for 127.0.0.1 at 2018-05-30 12:31:54 +0200
Processing by CartItemsController#create as HTML
  Parameters: {"authenticity_token"=>"I0BWVepV3yyiQG1ILpGGJhXL6XNrR4gKeuhKPf+/sGNgiTVCTLflH4qG+GrpEXkL8dFt7+NmGt7UetC373rt5A=="}
Completed 500 Internal Server Error in 2ms (ActiveRecord: 0.3ms)


  
ActiveRecord::UnknownPrimaryKey (Unknown primary key for table carts_items in model CartsItem.):
  
app/controllers/cart_items_controller.rb:39:in `set_cart_item'
app/controllers/cart_items_controller.rb:42:in `cart_item_params'
app/controllers/cart_items_controller.rb:9:in `create'
Started POST "/items" for 127.0.0.1 at 2018-05-30 12:35:39 +0200
Processing by CartItemsController#create as HTML
  Parameters: {"authenticity_token"=>"I0BWVepV3yyiQG1ILpGGJhXL6XNrR4gKeuhKPf+/sGNgiTVCTLflH4qG+GrpEXkL8dFt7+NmGt7UetC373rt5A=="}
Completed 500 Internal Server Error in 7ms (ActiveRecord: 0.7ms)


  
ActiveRecord::UnknownPrimaryKey (Unknown primary key for table carts_items in model CartsItem.):
  
app/controllers/cart_items_controller.rb:39:in `set_cart_item'
app/controllers/cart_items_controller.rb:42:in `cart_item_params'
app/controllers/cart_items_controller.rb:9:in `create'
Started POST "/items" for 127.0.0.1 at 2018-05-30 12:37:06 +0200
Processing by CartItemsController#create as HTML
  Parameters: {"authenticity_token"=>"I0BWVepV3yyiQG1ILpGGJhXL6XNrR4gKeuhKPf+/sGNgiTVCTLflH4qG+GrpEXkL8dFt7+NmGt7UetC373rt5A=="}
Completed 500 Internal Server Error in 7ms (ActiveRecord: 0.7ms)


  
ActiveRecord::UnknownPrimaryKey (Unknown primary key for table carts_items in model CartsItem.):
  
app/controllers/cart_items_controller.rb:39:in `set_cart_item'
app/controllers/cart_items_controller.rb:42:in `cart_item_params'
app/controllers/cart_items_controller.rb:9:in `create'
Started POST "/items" for 127.0.0.1 at 2018-05-30 12:38:18 +0200
Processing by CartItemsController#create as HTML
  Parameters: {"authenticity_token"=>"I0BWVepV3yyiQG1ILpGGJhXL6XNrR4gKeuhKPf+/sGNgiTVCTLflH4qG+GrpEXkL8dFt7+NmGt7UetC373rt5A=="}
Completed 500 Internal Server Error in 14ms (ActiveRecord: 0.7ms)


  
NameError (undefined local variable or method `cart_id' for CartsItem(cart_id: integer, item_id: integer, quantity: integer):Class):
  
app/models/carts_item.rb:2:in `<class:CartsItem>'
app/models/carts_item.rb:1:in `<main>'
app/controllers/cart_items_controller.rb:39:in `set_cart_item'
app/controllers/cart_items_controller.rb:42:in `cart_item_params'
app/controllers/cart_items_controller.rb:9:in `create'
Started POST "/items" for 127.0.0.1 at 2018-05-30 12:38:39 +0200
Processing by CartItemsController#create as HTML
  Parameters: {"authenticity_token"=>"I0BWVepV3yyiQG1ILpGGJhXL6XNrR4gKeuhKPf+/sGNgiTVCTLflH4qG+GrpEXkL8dFt7+NmGt7UetC373rt5A=="}
Completed 404 Not Found in 8ms (ActiveRecord: 0.8ms)


  
ActiveRecord::RecordNotFound (Couldn't find CartsItem without an ID):
  
app/controllers/cart_items_controller.rb:39:in `set_cart_item'
app/controllers/cart_items_controller.rb:42:in `cart_item_params'
app/controllers/cart_items_controller.rb:9:in `create'
Started POST "/items" for 127.0.0.1 at 2018-05-30 12:43:45 +0200
Processing by CartItemsController#create as HTML
  Parameters: {"authenticity_token"=>"I0BWVepV3yyiQG1ILpGGJhXL6XNrR4gKeuhKPf+/sGNgiTVCTLflH4qG+GrpEXkL8dFt7+NmGt7UetC373rt5A=="}
Completed 404 Not Found in 8ms (ActiveRecord: 0.7ms)


  
ActiveRecord::RecordNotFound (Couldn't find CartsItem without an ID):
  
app/controllers/cart_items_controller.rb:39:in `set_cart_item'
app/controllers/cart_items_controller.rb:42:in `cart_item_params'
app/controllers/cart_items_controller.rb:9:in `create'
Started POST "/items" for 127.0.0.1 at 2018-05-30 12:46:07 +0200
Processing by CartItemsController#create as HTML
  Parameters: {"authenticity_token"=>"I0BWVepV3yyiQG1ILpGGJhXL6XNrR4gKeuhKPf+/sGNgiTVCTLflH4qG+GrpEXkL8dFt7+NmGt7UetC373rt5A=="}
Completed 404 Not Found in 8ms (ActiveRecord: 0.7ms)


  
ActiveRecord::RecordNotFound (Couldn't find CartsItem without an ID):
  
app/controllers/cart_items_controller.rb:39:in `set_cart_item'
app/controllers/cart_items_controller.rb:42:in `cart_item_params'
app/controllers/cart_items_controller.rb:9:in `create'
